Starting SLURM job...
compute1.davidson.edu
/home/DAVIDSON/cawelch/hoop-never-misses
compute1.davidson.edu
Sun Oct 11 14:22:48 EDT 2020
Running plot script on a single CPU core
Traceback (most recent call last):
  File "monte_carlo.py", line 369, in <module>
    main()
  File "monte_carlo.py", line 348, in main
    print(move_points())
  File "monte_carlo.py", line 334, in move_points
    phi = optimize_angle(y[j-1],z[j-1],z[j])
  File "monte_carlo.py", line 316, in optimize_angle
    central_phi.append(best_angle(min_phi,max_phi,fixed_y,fixed_z,next_z))
  File "monte_carlo.py", line 266, in best_angle
    pct = percent_in(phi,fixed_y,fixed_z,next_z)
  File "monte_carlo.py", line 234, in percent_in
    if in_basket(y_points,z_points):
  File "monte_carlo.py", line 197, in in_basket
    if np.absolute(z-3.048) <= eps_rim:
TypeError: unsupported operand type(s) for -: 'list' and 'float'
Sun Oct 11 14:22:49 EDT 2020
