Starting SLURM job...
compute1.davidson.edu
/home/DAVIDSON/cawelch/hoop-never-misses
compute1.davidson.edu
Sun Oct 11 14:17:37 EDT 2020
Running plot script on a single CPU core
Traceback (most recent call last):
  File "monte_carlo.py", line 369, in <module>
    main()
  File "monte_carlo.py", line 348, in main
    print(move_points())
  File "monte_carlo.py", line 334, in move_points
    phi = optimize_angle(y[j-1],z[j-1],z[j])
  File "monte_carlo.py", line 316, in optimize_angle
    central_phi.append(best_angle(min_phi,max_phi,fixed_y,fixed_z,next_z))
  File "monte_carlo.py", line 266, in best_angle
    pct = percent_in(phi,fixed_y,fixed_z,next_z)
  File "monte_carlo.py", line 215, in percent_in
    num_backboard = [0]*length
NameError: name 'length' is not defined
Sun Oct 11 14:17:38 EDT 2020
